   FLOPS C Program (Double Precision), V2.0 18 Dec 1992

   Module     Error        RunTime      MFLOPS
                            (usec)
     1     -3.8725e-13      0.0067   2100.0420
     2     -1.3367e-13      0.0083    845.4740
     3     -6.6613e-16      0.0047   3581.3580
     4     -1.0514e-13      0.0055   2719.9455
     5      2.8533e-14      0.0099   2935.7641
     6      1.1557e-13      0.0097   2988.3832
     7      4.4793e-11      0.0204    588.8323
     8      3.4639e-14      0.0098   3058.0108

   Iterations      =  512000000
   NullTime (usec) =     0.0000
   MFLOPS(1)       =  1126.9145
   MFLOPS(2)       =  1287.8317
   MFLOPS(3)       =  2188.8993
   MFLOPS(4)       =  3056.1360


real	0m41,878s
user	0m41,864s
sys	0m0,000s
