   FLOPS C Program (Double Precision), V2.0 18 Dec 1992

   Module     Error        RunTime      MFLOPS
                            (usec)
     1      4.0146e-13      0.0364    384.2486
     2     -1.4166e-13      0.0166    422.7882
     3      4.7184e-14      0.0404    420.8761
     4     -1.2546e-13      0.0404    371.2928
     5     -1.3800e-13      0.0334    867.0351
     6      3.2380e-13      0.0275   1055.1035
     7     -8.4583e-11      0.0490    244.7821
     8      3.4861e-13      0.0275   1091.2926

   Iterations      =  512000000
   NullTime (usec) =     0.0000
   MFLOPS(1)       =   422.1612
   MFLOPS(2)       =   406.1439
   MFLOPS(3)       =   573.2856
   MFLOPS(4)       =   670.2655


real	2m40,395s
user	2m40,335s
sys	0m0,028s
