
   FLOPS C Program (Double Precision), V2.0 18 Dec 1992

   Module     Error        RunTime      MFLOPS
                            (usec)
     1      4.0146e-13      0.0058   2408.2898
     2     -1.4166e-13      0.0050   1395.6604
     3      4.7184e-14      0.0036   4714.2628
     4     -1.2557e-13      0.0036   4204.1878
     5     -1.3800e-13      0.0059   4916.9047
     6      3.2380e-13      0.0055   5252.5192
     7     -8.4583e-11      0.0116   1031.5717
     8      3.4867e-13      0.0075   3994.8795

   Iterations      =  512000000
   NullTime (usec) =     0.0000
   MFLOPS(1)       =  1812.8692
   MFLOPS(2)       =  2142.7367
   MFLOPS(3)       =  3352.5662
   MFLOPS(4)       =  4503.8975


real	0m28,659s
user	0m28,654s
sys	0m0,005s
