
   FLOPS C Program (Double Precision), V2.0 18 Dec 1992

   Module     Error        RunTime      MFLOPS
                            (usec)
     1      4.0146e-13      0.0079   1764.2332
     2     -1.4166e-13      0.0061   1152.2897
     3      4.7184e-14      0.0071   2405.9632
     4     -1.2557e-13      0.0074   2039.1463
     5     -1.3800e-13      0.0113   2565.9521
     6      3.2380e-13      0.0110   2635.5470
     7     -8.4583e-11      0.0143    839.5516
     8      3.4867e-13      0.0134   2239.9392

   Iterations      =  512000000
   NullTime (usec) =     0.0000
   MFLOPS(1)       =  1388.8858
   MFLOPS(2)       =  1492.5976
   MFLOPS(3)       =  2017.9940
   MFLOPS(4)       =  2344.2476


real	0m45,355s
user	0m45,333s
sys	0m0,012s
