
   FLOPS C Program (Double Precision), V2.0 18 Dec 1992

   Module     Error        RunTime      MFLOPS
                            (usec)
     1      4.0146e-13      0.0144    972.6567
     2     -1.4166e-13      0.0117    599.4663
     3      4.7184e-14      0.0082   2061.0296
     4     -1.2557e-13      0.0086   1736.0161
     5     -1.3800e-13      0.0133   2185.9948
     6      3.2380e-13      0.0128   2261.1624
     7     -8.4583e-11      0.0259    464.0594
     8      3.4867e-13      0.0157   1914.3782

   Iterations      =  512000000
   NullTime (usec) =     0.0000
   MFLOPS(1)       =   780.3874
   MFLOPS(2)       =   945.2213
   MFLOPS(3)       =  1476.1861
   MFLOPS(4)       =  2005.0711

real	1m5,294s
user	1m5,276s
sys	0m0,001s
