   FLOPS C Program (Double Precision), V2.0 18 Dec 1992

   Module     Error        RunTime      MFLOPS
                            (usec)
     1     -3.8725e-13      0.0018   7778.0900
     2     -1.3367e-13      0.0022   3124.8910
     3     -6.6613e-16      0.0018   9527.6772
     4     -1.0514e-13      0.0021   7284.2952
     5      2.8533e-14      0.0039   7423.0944
     6      1.1557e-13      0.0036   7994.1982
     7      4.4793e-11      0.0054   2222.0149
     8      3.4639e-14      0.0038   7948.8418

   Iterations      =  512000000
   NullTime (usec) =     0.0000
   MFLOPS(1)       =  4004.7237
   MFLOPS(2)       =  4370.3528
   MFLOPS(3)       =  6531.7301
   MFLOPS(4)       =  8092.2944


real	0m13,558s
user	0m13,553s
sys	0m0,005s
