   FLOPS C Program (Double Precision), V2.0 18 Dec 1992

   Module     Error        RunTime      MFLOPS
                            (usec)
     1      4.0146e-13      0.0284    493.2856
     2     -1.4166e-13      0.0159    440.8972
     3      4.7184e-14      0.0287    593.1915
     4     -1.2557e-13      0.0237    634.1438
     5     -1.3800e-13      0.0618    469.1904
     6      3.2380e-13      0.0498    582.4427
     7     -8.4583e-11      0.0452    265.5516
     8      3.4867e-13      0.0349    860.8316

   Iterations      =  512000000
   NullTime (usec) =     0.0000
   MFLOPS(1)       =   481.2938
   MFLOPS(2)       =   407.4539
   MFLOPS(3)       =   536.1114
   MFLOPS(4)       =   664.4625


real	2m46,079s
user	2m43,399s
sys	0m0,128s
