  FLOPS C Program (Double Precision), V2.0 18 Dec 1992

   Module     Error        RunTime      MFLOPS
                            (usec)
     1      4.0146e-13      0.0229    610.9251
     2     -1.4166e-13      0.0133    525.1467
     3      4.7184e-14      0.0197    861.6325
     4     -1.2546e-13      0.0197    760.2091
     5     -1.3800e-13      0.0216   1340.7788
     6      3.2380e-13      0.0171   1695.6188
     7     -8.4583e-11      0.0395    304.0341
     8      3.4861e-13      0.0179   1675.4069

   Iterations      =  512000000
   NullTime (usec) =     0.0000
   MFLOPS(1)       =   602.0050
   MFLOPS(2)       =   586.9030
   MFLOPS(3)       =   921.2232
   MFLOPS(4)       =  1221.9620


real	1m42.048s
user	1m42.032s
sys	0m0.011s
