   FLOPS C Program (Double Precision), V2.0 18 Dec 1992

   Module     Error        RunTime      MFLOPS
                            (usec)
     1      4.0146e-13      0.0358    390.8397
     2     -1.4166e-13      0.0156    447.4407
     3      4.7184e-14      0.0397    427.7150
     4     -1.2546e-13      0.0397    377.3956
     5     -1.3800e-13      0.0472    613.8074
     6      3.2380e-13      0.0417    695.4567
     7     -8.4583e-11      0.0482    248.8457
     8      3.4861e-13      0.0423    708.4871

   Iterations      =  512000000
   NullTime (usec) =     0.0000
   MFLOPS(1)       =   440.7947
   MFLOPS(2)       =   382.7284
   MFLOPS(3)       =   495.2103
   MFLOPS(4)       =   556.4553


real	3m0.697s
user	3m0.650s
sys	0m0.000s
