
   FLOPS C Program (Double Precision), V2.0 18 Dec 1992

   Module     Error        RunTime      MFLOPS
                            (usec)
     1     -3.8725e-13      0.0284    493.3604
     2     -1.3367e-13      0.0177    396.4911
     3     -6.6613e-16      0.0197    864.3671
     4     -1.0514e-13      0.0193    776.9399
     5      2.8533e-14      0.0505    574.7522
     6      1.1557e-13      0.0364    796.2340
     7      4.4793e-11      0.0517    232.1038
     8      3.4639e-14      0.0335    894.6103

   Iterations      =  512000000
   NullTime (usec) =     0.0000
   MFLOPS(1)       =   481.7405
   MFLOPS(2)       =   421.0143
   MFLOPS(3)       =   609.6949
   MFLOPS(4)       =   835.4012


real	2m30,238s
user	2m26,368s
sys	0m0,306s
