
   FLOPS C Program (Double Precision), V2.0 18 Dec 1992

   Module     Error        RunTime      MFLOPS
                            (usec)
     1     -3.7080e-10      0.0067   2100.1079
     2     -1.4166e-13      0.0120    581.2827
     3     -1.9538e-10      0.0037   4557.3067
     4      3.4528e-14      0.0048   3143.1046
     5     -4.3299e-14      0.0090   3204.6384
     6      1.0170e-13      0.0085   3429.0051
     7      5.4968e-11      0.0204    589.2834
     8      3.4639e-14      0.0089   3366.1378

   Iterations      =  512000000
   NullTime (usec) =     0.0000
   MFLOPS(1)       =   813.2377
   MFLOPS(2)       =  1331.8092
   MFLOPS(3)       =  2356.6783
   MFLOPS(4)       =  3517.2916


real	0m42,639s
user	0m42,621s
sys	0m0,004s
