   FLOPS C Program (Double Precision), V2.0 18 Dec 1992

   Module     Error        RunTime      MFLOPS
                            (usec)
     1      4.0146e-13      0.0071   1958.9169
     2     -1.4166e-13      0.0061   1147.9310
     3      4.7184e-14      0.0072   2366.4405
     4     -1.2557e-13      0.0072   2072.9926
     5     -1.3800e-13      0.0118   2464.3628
     6      3.2380e-13      0.0119   2436.3074
     7     -8.4583e-11      0.0218    551.4276
     8      3.4867e-13      0.0123   2442.1267

   Iterations      =  512000000
   NullTime (usec) =     0.0000
   MFLOPS(1)       =  1380.2834
   MFLOPS(2)       =  1149.0404
   MFLOPS(3)       =  1841.4909
   MFLOPS(4)       =  2357.0650


real	0m48,561s
user	0m48,474s
sys	0m0,000s
