
   FLOPS C Program (Double Precision), V2.0 18 Dec 1992

   Module     Error        RunTime      MFLOPS
                            (usec)
     1     -7.6739e-13      0.0992    141.1166
     2     -5.7021e-13      0.0332    210.6478
     3     -2.4314e-14      0.1062    160.0390
     4      6.8501e-14      0.1032    145.3214
     5     -1.6320e-14      0.2294    126.3937
     6      1.3961e-13      0.1964    147.6463
     7     -3.6152e-11      0.1253     95.7982
     8      9.0483e-15      0.2004    149.6834

   Iterations      =  256000000
   NullTime (usec) =     0.0000
   MFLOPS(1)       =   190.9110
   MFLOPS(2)       =   123.0209
   MFLOPS(3)       =   137.7104
   MFLOPS(4)       =   150.0952


real	5m11.049s
user	5m9.959s
sys	0m0.022s
