   FLOPS C Program (Double Precision), V2.0 18 Dec 1992

   Module     Error        RunTime      MFLOPS
                            (usec)
     1     -7.6739e-13      0.0737    189.9041
     2     -5.7021e-13      0.0447    156.4687
     3     -2.4314e-14      0.0523    325.1975
     4      6.8501e-14      0.0492    304.8803
     5     -1.6320e-14      0.1128    257.1903
     6      1.3961e-13      0.0782    370.7592
     7     -3.6152e-11      0.1348     89.0272
     8      9.0483e-15      0.0920    326.0630

   Iterations      =  256000000
   NullTime (usec) =     0.0000
   MFLOPS(1)       =   188.4312
   MFLOPS(2)       =   167.8941
   MFLOPS(3)       =   246.2187
   MFLOPS(4)       =   334.9279


real	3m4,017s
user	3m3,739s
sys	0m0,022s
