
   FLOPS C Program (Double Precision), V2.0 18 Dec 1992

   Module     Error        RunTime      MFLOPS
                            (usec)
     1      4.0146e-13      0.0110   1270.8717
     2     -1.4166e-13      0.0085    820.8987
     3      4.7184e-14      0.0099   1714.0472
     4     -1.2557e-13      0.0095   1572.9933
     5     -1.3800e-13      0.0171   1696.8970
     6      3.2380e-13      0.0167   1736.0870
     7     -8.4583e-11      0.0201    598.0965
     8      3.4867e-13      0.0174   1721.7612

   Iterations      =  512000000
   NullTime (usec) =     0.0000
   MFLOPS(1)       =   989.4538
   MFLOPS(2)       =  1051.7654
   MFLOPS(3)       =  1434.8614
   MFLOPS(4)       =  1698.3234


real	1m3,649s
user	1m3,646s
sys	0m0,000s
