   FLOPS C Program (Double Precision), V2.0 18 Dec 1992

   Module     Error        RunTime      MFLOPS
                            (usec)
     1      4.0146e-13      0.0229    610.3588
     2     -1.4166e-13      0.0123    570.8730
     3      4.7184e-14      0.0197    861.1208
     4     -1.2546e-13      0.0198    759.2427
     5     -1.3800e-13      0.0138   2103.5500
     6      3.2380e-13      0.0102   2845.0865
     7     -8.4583e-11      0.0390    307.9808
     8      3.4861e-13      0.0107   2799.1210

   Iterations      =  512000000
   NullTime (usec) =     0.0000
   MFLOPS(1)       =   641.5688
   MFLOPS(2)       =   627.4026
   MFLOPS(3)       =  1072.7728
   MFLOPS(4)       =  1506.4004


real	1m30.105s
user	1m30.035s
sys	0m0.053s
