
   FLOPS C Program (Double Precision), V2.0 18 Dec 1992

   Module     Error        RunTime      MFLOPS
                            (usec)
     1     -3.7080e-10      0.0094   1497.2890
     2     -1.4166e-13      0.0169    414.3020
     3     -1.9538e-10      0.0052   3249.4696
     4      3.4528e-14      0.0067   2244.5403
     5     -4.3299e-14      0.0127   2284.8961
     6      1.0170e-13      0.0119   2441.3339
     7      5.4968e-11      0.0286    420.2301
     8      3.4639e-14      0.0125   2403.1297

   Iterations      =  512000000
   NullTime (usec) =     0.0000
   MFLOPS(1)       =   579.6386
   MFLOPS(2)       =   949.6518
   MFLOPS(3)       =  1680.5748
   MFLOPS(4)       =  2508.4779


real	0m59,811s
user	0m59,775s
sys	0m0,007s
