
   FLOPS C Program (Double Precision), V2.0 18 Dec 1992

   Module     Error        RunTime      MFLOPS
                            (usec)
     1      4.0146e-13      0.0578    242.0313
     2     -1.4166e-13      0.0234    298.7559
     3      4.7184e-14      0.0622    273.1433
     4     -1.2557e-13      0.0593    252.9160
     5     -1.3800e-13      0.0945    307.0277
     6      3.2380e-13      0.0747    388.2978
     7     -8.4583e-11      0.0798    150.3555
     8      3.4867e-13      0.0827    362.5873

   Iterations      =  512000000
   NullTime (usec) =     0.0000
   MFLOPS(1)       =   289.8698
   MFLOPS(2)       =   227.6223
   MFLOPS(3)       =   285.6702
   MFLOPS(4)       =   326.1996


real	5m7.935s
user	5m7.913s
sys	0m0.009s
