   FLOPS C Program (Double Precision), V2.0 18 Dec 1992

   Module     Error        RunTime      MFLOPS
                            (usec)
     1     -3.8725e-13      0.0044   3151.2624
     2     -1.4166e-13      0.0070   1002.2985
     3     -1.9538e-10      0.0036   4736.4635
     4      3.4528e-14      0.0055   2746.9049
     5     -4.3299e-14      0.0087   3338.9154
     6      1.0170e-13      0.0086   3391.7919
     7      5.4968e-11      0.0133    903.5568
     8      3.4639e-14      0.0089   3368.9959

   Iterations      =  512000000
   NullTime (usec) =     0.0000
   MFLOPS(1)       =  1350.3368
   MFLOPS(2)       =  1812.7300
   MFLOPS(3)       =  2759.2141
   MFLOPS(4)       =  3433.3598


real	0m34,962s
user	0m34,894s
sys	0m0,004s
