   FLOPS C Program (Double Precision), V2.0 18 Dec 1992

   Module     Error        RunTime      MFLOPS
                            (usec)
     1      4.0146e-13      0.0586    239.0001
     2     -1.4166e-13      0.0242    289.6976
     3      4.7184e-14      0.0630    269.9650
     4     -1.2557e-13      0.0644    232.7931
     5     -1.3800e-13      0.1391    208.4543
     6      3.2380e-13      0.1157    250.6699
     7     -8.4583e-11      0.0849    141.2824
     8      3.4867e-13      0.1135    264.3359

   Iterations      =  512000000
   NullTime (usec) =     0.0000
   MFLOPS(1)       =   282.9366
   MFLOPS(2)       =   194.7376
   MFLOPS(3)       =   228.4031
   MFLOPS(4)       =   255.1965


real	6m14.274s
user	6m14.271s
sys	0m0.007s
