   FLOPS C Program (Double Precision), V2.0 18 Dec 1992

   Module     Error        RunTime      MFLOPS
                            (usec)
     1     -3.7080e-10      0.0036   3917.9204
     2     -1.4166e-13      0.0061   1152.3260
     3     -1.9538e-10      0.0031   5482.9141
     4      3.4528e-14      0.0038   3981.4572
     5     -4.3299e-14      0.0069   4174.7784
     6      1.0170e-13      0.0068   4233.6913
     7      5.4968e-11      0.0109   1103.5749
     8      3.4639e-14      0.0072   4179.9285

   Iterations      =  512000000
   NullTime (usec) =     0.0000
   MFLOPS(1)       =  1553.4495
   MFLOPS(2)       =  2244.1178
   MFLOPS(3)       =  3452.4729
   MFLOPS(4)       =  4355.1138


real	0m27,692s
user	0m27,691s
sys	0m0,000s
