
   FLOPS C Program (Double Precision), V2.0 18 Dec 1992

   Module     Error        RunTime      MFLOPS
                            (usec)
     1     -3.8725e-13      0.0037   3829.5488
     2     -1.3367e-13      0.0044   1582.7473
     3     -6.6613e-16      0.0039   4307.1262
     4     -1.0514e-13      0.0042   3604.5423
     5      2.8533e-14      0.0073   3958.2655
     6      1.1557e-13      0.0074   3925.8665
     7      4.4793e-11      0.0107   1118.7931
     8      3.4639e-14      0.0075   4011.3404

   Iterations      =  512000000
   NullTime (usec) =     0.0000
   MFLOPS(1)       =  1995.3650
   MFLOPS(2)       =  2190.8057
   MFLOPS(3)       =  3267.5253
   MFLOPS(4)       =  3960.9883


real	0m27,061s
user	0m27,058s
sys	0m0,000s
