   FLOPS C Program (Double Precision), V2.0 18 Dec 1992

   Module     Error        RunTime      MFLOPS
                            (usec)
     1     -3.8725e-13      0.0029   4821.2609
     2     -1.3367e-13      0.0036   1932.7267
     3     -6.6613e-16      0.0020   8583.9111
     4     -1.0514e-13      0.0021   7034.4486
     5      2.8533e-14      0.0042   6932.5352
     6      1.1557e-13      0.0038   7569.6592
     7      4.4793e-11      0.0087   1377.2116
     8      3.4639e-14      0.0040   7462.0992

   Iterations      =  512000000
   NullTime (usec) =     0.0000
   MFLOPS(1)       =  2588.4065
   MFLOPS(2)       =  3047.0749
   MFLOPS(3)       =  5258.5232
   MFLOPS(4)       =  7606.0164


real	0m17,600s
user	0m17,595s
sys	0m0,004s
