   FLOPS C Program (Double Precision), V2.0 18 Dec 1992

   Module     Error        RunTime      MFLOPS
                            (usec)
     1      4.0146e-13      0.0358    390.6267
     2     -1.4166e-13      0.0150    466.0598
     3      4.7184e-14      0.0423    401.4760
     4     -1.2557e-13      0.0397    377.3956
     5     -1.3800e-13      0.0567    511.4709
     6      3.2380e-13      0.0450    645.0043
     7     -8.4583e-11      0.0528    227.3871
     8      3.4867e-13      0.0476    630.5419

   Iterations      =  512000000
   NullTime (usec) =     0.0000
   MFLOPS(1)       =   442.7740
   MFLOPS(2)       =   352.9273
   MFLOPS(3)       =   456.3336
   MFLOPS(4)       =   521.1050


real	3m13.194s
user	3m13.170s
sys	0m0.000s
