
   FLOPS C Program (Double Precision), V2.0 18 Dec 1992

   Module     Error        RunTime      MFLOPS
                            (usec)
     1      2.8461e-13      0.0813    172.2897
     2      1.1644e-15      0.0549    127.5485
     3     -3.9883e-15      0.0523    325.0106
     4      6.0419e-14      0.0535    280.1400
     5     -4.4266e-14      0.1373    211.1885
     6      7.7002e-15      0.0964    300.9145
     7      3.1108e-13      0.1600     75.0068
     8      2.2839e-14      0.1002    299.4706

   Iterations      =  256000000
   NullTime (usec) =     0.0000
   MFLOPS(1)       =   159.1619
   MFLOPS(2)       =   143.2959
   MFLOPS(3)       =   214.4025
   MFLOPS(4)       =   300.9256


real	3m33,006s
user	3m32,728s
sys	0m0,017s
