
   FLOPS C Program (Double Precision), V2.0 18 Dec 1992

   Module     Error        RunTime      MFLOPS
                            (usec)
     1     -3.8725e-13      0.0045   3138.4898
     2     -1.3367e-13      0.0054   1287.3240
     3     -6.6613e-16      0.0043   3916.6805
     4     -1.0514e-13      0.0053   2854.6366
     5      2.8533e-14      0.0092   3149.7793
     6      1.1557e-13      0.0092   3152.1371
     7      4.4793e-11      0.0133    902.3245
     8      3.4639e-14      0.0100   2986.0641

   Iterations      =  512000000
   NullTime (usec) =     0.0000
   MFLOPS(1)       =  1649.2965
   MFLOPS(2)       =  1774.4820
   MFLOPS(3)       =  2616.0880
   MFLOPS(4)       =  3155.1432


real	0m33,832s
user	0m33,729s
sys	0m0,020s
