   FLOPS C Program (Double Precision), V2.0 18 Dec 1992

   Module     Error        RunTime      MFLOPS
                            (usec)
     1      4.0146e-13      0.0089   1573.8360
     2     -1.4166e-13      0.0070    999.8295
     3      4.7184e-14      0.0083   2036.9945
     4     -1.2557e-13      0.0081   1862.7209
     5     -1.3800e-13      0.0131   2211.5906
     6      3.2380e-13      0.0118   2467.4289
     7     -8.4583e-11      0.0178    674.6772
     8      3.4867e-13      0.0167   1797.7574

   Iterations      =  512000000
   NullTime (usec) =     0.0000
   MFLOPS(1)       =  1199.4945
   MFLOPS(2)       =  1253.0417
   MFLOPS(3)       =  1725.0867
   MFLOPS(4)       =  2029.4856


real	0m53,485s
user	0m53,395s
sys	0m0,016s
