   FLOPS C Program (Double Precision), V2.0 18 Dec 1992

   Module     Error        RunTime      MFLOPS
                            (usec)
     1      4.0146e-13      0.0016   8646.2597
     2     -1.4166e-13      0.0006  12231.9149
     3      4.7184e-14      0.0020   8486.0858
     4     -1.2557e-13      0.0021   7167.9302
     5     -1.3800e-13      0.0033   8912.3970
     6      3.2380e-13      0.0031   9311.3793
     7     -8.4583e-11      0.0027   4387.0172
     8      3.4867e-13      0.0033   9008.3327

   Iterations      =  512000000
   NullTime (usec) =     0.0000
   MFLOPS(1)       = 10689.3687
   MFLOPS(2)       =  6601.5576
   MFLOPS(3)       =  8044.4814
   MFLOPS(4)       =  8633.2418


real	0m10,990s
user	0m10,989s
sys	0m0,000s
