   FLOPS C Program (Double Precision), V2.0 18 Dec 1992

   Module     Error        RunTime      MFLOPS
                            (usec)
     1     -7.6739e-13      0.0919    152.4109
     2     -5.7021e-13      0.0382    183.0646
     3     -2.4314e-14      0.1079    157.5589
     4      6.8501e-14      0.1016    147.6818
     5     -1.6320e-14      0.1433    202.3236
     6      1.3961e-13      0.1151    251.8600
     7     -3.6152e-11      0.1332     90.0708
     8      9.0483e-15      0.1216    246.7029

   Iterations      =  256000000
   NullTime (usec) =     0.0000
   MFLOPS(1)       =   173.8633
   MFLOPS(2)       =   139.1030
   MFLOPS(3)       =   179.2218
   MFLOPS(4)       =   203.9385


real	4m6.150s
user	4m6.098s
sys	0m0.011s
