   FLOPS C Program (Double Precision), V2.0 18 Dec 1992

   Module     Error        RunTime      MFLOPS
                            (usec)
     1      4.0146e-13      0.0329    425.5201
     2     -1.4166e-13      0.0158    443.9457
     3      4.7184e-14      0.0287    591.5522
     4     -1.2557e-13      0.0261    575.1569
     5     -1.3800e-13      0.0500    579.9387
     6      3.2380e-13      0.0400    725.3734
     7     -8.4583e-11      0.0558    214.9417
     8      3.4867e-13      0.0533    562.8747

   Iterations      =  512000000
   NullTime (usec) =     0.0000
   MFLOPS(1)       =   483.3773
   MFLOPS(2)       =   379.0336
   MFLOPS(3)       =   509.0117
   MFLOPS(4)       =   614.4703


real	3m1,363s
user	2m53,014s
sys	0m0,436s
