   FLOPS C Program (Double Precision), V2.0 18 Dec 1992

   Module     Error        RunTime      MFLOPS
                            (usec)
     1      4.0146e-13      0.0059   2371.0360
     2     -1.4166e-13      0.0050   1390.8222
     3      4.7184e-14      0.0036   4702.2011
     4     -1.2557e-13      0.0037   4045.2989
     5     -1.3800e-13      0.0066   4412.3346
     6      3.2380e-13      0.0062   4681.8292
     7     -8.4583e-11      0.0175    686.9503
     8      3.4867e-13      0.0067   4461.7350

   Iterations      =  512000000
   NullTime (usec) =     0.0000
   MFLOPS(1)       =  1806.7915
   MFLOPS(2)       =  1585.5032
   MFLOPS(3)       =  2909.1242
   MFLOPS(4)       =  4495.7503


real	0m32,118s
user	0m32,112s
sys	0m0,005s
