
   FLOPS C Program (Double Precision), V2.0 18 Dec 1992

   Module     Error        RunTime      MFLOPS
                            (usec)
     1      4.0146e-13      0.0089   1569.9969
     2     -1.4166e-13      0.0070   1004.3847
     3      4.7184e-14      0.0084   2028.0530
     4     -1.2557e-13      0.0078   1914.3255
     5     -1.3800e-13      0.0156   1857.6233
     6      3.2380e-13      0.0154   1878.4068
     7     -8.4583e-11      0.0267    449.2423
     8      3.4867e-13      0.0162   1847.2447

   Iterations      =  512000000
   NullTime (usec) =     0.0000
   MFLOPS(1)       =  1202.8786
   MFLOPS(2)       =   932.3333
   MFLOPS(3)       =  1472.7050
   MFLOPS(4)       =  1899.9062


real	1m1,049s
user	1m0,845s
sys	0m0,025s
