
   FLOPS C Program (Double Precision), V2.0 18 Dec 1992

   Module     Error        RunTime      MFLOPS
                            (usec)
     1     -3.8725e-13      0.0050   2789.6749
     2     -1.4166e-13      0.0085    820.5626
     3     -1.9538e-10      0.0043   3911.9875
     4      3.4528e-14      0.0053   2831.9597
     5     -4.3299e-14      0.0098   2968.0370
     6      1.0170e-13      0.0096   3007.1765
     7      5.4968e-11      0.0153    785.5526
     8      3.4639e-14      0.0101   2975.7085

   Iterations      =  512000000
   NullTime (usec) =     0.0000
   MFLOPS(1)       =  1106.3999
   MFLOPS(2)       =  1596.9967
   MFLOPS(3)       =  2456.5610
   MFLOPS(4)       =  3098.6600


real	0m38,915s
user	0m38,911s
sys	0m0,001s

