
   FLOPS C Program (Double Precision), V2.0 18 Dec 1992

   Module     Error        RunTime      MFLOPS
                            (usec)
     1     -3.8725e-13      0.0029   4820.7129
     2     -1.4166e-13      0.0050   1395.7305
     3     -1.9538e-10      0.0015  11234.4903
     4      3.4528e-14      0.0020   7557.3071
     5     -4.3299e-14      0.0040   7190.1372
     6      1.0170e-13      0.0037   7816.9955
     7      5.4968e-11      0.0087   1377.0101
     8      3.4639e-14      0.0038   7949.8456

   Iterations      =  512000000
   NullTime (usec) =     0.0000
   MFLOPS(1)       =  1955.6465
   MFLOPS(2)       =  3101.8214
   MFLOPS(3)       =  5481.8128
   MFLOPS(4)       =  8286.6227


real	0m18,512s
user	0m18,506s
sys	0m0,006s
