   FLOPS C Program (Double Precision), V2.0 18 Dec 1992

   Module     Error        RunTime      MFLOPS
                            (usec)
     1     -3.7080e-10      0.0214    654.2586
     2     -1.4166e-13      0.0160    437.4640
     3     -1.9538e-10      0.0160   1063.1141
     4      3.4528e-14      0.0201    744.9028
     5     -4.3299e-14      0.0492    589.5709
     6      1.0170e-13      0.0349    831.8352
     7      5.4968e-11      0.0500    239.9569
     8      3.4639e-14      0.0380    789.6420

   Iterations      =  512000000
   NullTime (usec) =     0.0000
   MFLOPS(1)       =   541.6816
   MFLOPS(2)       =   444.9482
   MFLOPS(3)       =   635.9501
   MFLOPS(4)       =   834.9988


real	2m18,685s
user	2m17,894s
sys	0m0,112s
