
   FLOPS C Program (Double Precision), V2.0 18 Dec 1992

   Module     Error        RunTime      MFLOPS
                            (usec)
     1      4.0146e-13      0.0100   1395.5109
     2     -1.4166e-13      0.0085    820.8101
     3      4.7184e-14      0.0101   1685.0710
     4     -1.2557e-13      0.0087   1716.4554
     5     -1.3800e-13      0.0169   1711.0801
     6      3.2380e-13      0.0167   1741.3898
     7     -8.4583e-11      0.0305    393.0118
     8      3.4867e-13      0.0173   1734.9106

   Iterations      =  512000000
   NullTime (usec) =     0.0000
   MFLOPS(1)       =   986.1672
   MFLOPS(2)       =   823.4236
   MFLOPS(3)       =  1323.8210
   MFLOPS(4)       =  1724.3713


real	1m7,516s
user	1m7,508s
sys	0m0,004s
