   FLOPS C Program (Double Precision), V2.0 18 Dec 1992

   Module     Error        RunTime      MFLOPS
                            (usec)
     1     -7.6739e-13      0.0737    190.0857
     2     -5.7021e-13      0.0447    156.5641
     3     -2.4314e-14      0.0523    324.9569
     4      6.8501e-14      0.0492    305.1191
     5     -1.6320e-14      0.1128    257.1951
     6      1.3961e-13      0.0782    370.6554
     7     -3.6152e-11      0.1347     89.0622
     8      9.0483e-15      0.0920    325.9880

   Iterations      =  256000000
   NullTime (usec) =     0.0000
   MFLOPS(1)       =   188.4978
   MFLOPS(2)       =   167.9427
   MFLOPS(3)       =   246.2528
   MFLOPS(4)       =   334.8746


real	3m3,936s
user	3m3,718s
sys	0m0,013s
