
   FLOPS C Program (Double Precision), V2.0 18 Dec 1992

   Module     Error        RunTime      MFLOPS
                            (usec)
     1     -3.7080e-10      0.0018   7778.1069
     2     -1.4166e-13      0.0028   2475.0236
     3     -1.9538e-10      0.0014  11994.2840
     4      3.4528e-14      0.0018   8149.7344
     5     -4.3299e-14      0.0035   8215.1111
     6      1.0170e-13      0.0034   8525.9393
     7      5.4968e-11      0.0054   2222.2303
     8      3.4639e-14      0.0036   8441.9168

   Iterations      =  512000000
   NullTime (usec) =     0.0000
   MFLOPS(1)       =  3342.1985
   MFLOPS(2)       =  4525.2637
   MFLOPS(3)       =  6971.3174
   MFLOPS(4)       =  8910.2363


real	0m13,894s
user	0m13,893s
sys	0m0,000s
