   FLOPS C Program (Double Precision), V2.0 18 Dec 1992

   Module     Error        RunTime      MFLOPS
                            (usec)
     1     -7.6739e-13      0.0913    153.2908
     2     -5.7021e-13      0.0411    170.2187
     3     -2.4314e-14      0.1016    167.3640
     4      6.8612e-14      0.1016    147.6554
     5     -1.6209e-14      0.0822    353.0015
     6      1.3961e-13      0.0721    402.0114
     7     -3.6152e-11      0.1233     97.3393
     8      8.9373e-15      0.0721    415.9243

   Iterations      =  256000000
   NullTime (usec) =     0.0000
   MFLOPS(1)       =   169.2748
   MFLOPS(2)       =   161.3754
   MFLOPS(3)       =   226.6408
   MFLOPS(4)       =   261.9243


real	3m22.247s
user	3m22.179s
sys	0m0.013s
