   FLOPS Go Program (double Precision), V0.1 23 Mar 2023
                       Ported From                        
   FLOPS c Program (double Precision), V2.0 18 dec 1992
         by Al Aburto      aburto@marlin.nosc.mil
 
   Module     error        RunTime      MFLOPS
                            (usec)
     1    +4.0146e-13       0.0056     2519.0666
     2    -1.4166e-13       0.0051     1370.5984     
     3    +4.7184e-14       0.0042     4018.2275      
     4    -1.2557e-13       0.0035     4266.5040      
     5    -1.3800e-13       0.0078     3721.7851     
     6    +3.2380e-13       0.0065     4463.5176     
     7    -8.4583e-11       0.0172     695.7431     
     8    +3.4867e-13       0.0071     4252.4725     
 
   Iterations      =  512000000
   NullTime (usec) = 2644
   MFLOPS(1)       = 1746.9002
   MFLOPS(2)       = 1573.7570
   MFLOPS(3)       = 2813.3386
   MFLOPS(4)       = 4272.6380

